<?xml version="1.0" encoding="UTF-8"?>
<!-- Generated by org.testng.reporters.JUnitReportReporter -->
<testsuite skipped="0" hostname="IBM684-PC0GHXSG" name="com.training.sanity.tests.CYTC_019" tests="1" failures="0" timestamp="13 Mar 2019 03:08:13 GMT" time="8.684" errors="0">
  <testcase name="viewLoanTest" time="8.684" classname="com.training.sanity.tests.CYTC_019"/>
</testsuite> <!-- com.training.sanity.tests.CYTC_019 -->
