<?xml version="1.0" encoding="UTF-8"?>
<!-- Generated by org.testng.reporters.JUnitReportReporter -->
<testsuite skipped="0" hostname="IBM684-PC0GHXSG" name="com.training.sanity.tests.CYTC_018" tests="1" failures="0" timestamp="13 Mar 2019 03:38:24 GMT" time="7.651" errors="0">
  <testcase name="grantLoanTest" time="7.651" classname="com.training.sanity.tests.CYTC_018"/>
</testsuite> <!-- com.training.sanity.tests.CYTC_018 -->
