<?xml version="1.0" encoding="UTF-8"?>
<!-- Generated by org.testng.reporters.JUnitReportReporter -->
<testsuite skipped="0" hostname="IBM684-PC0GHXSG" name="com.training.sanity.tests.CYTC_020" tests="1" failures="0" timestamp="13 Mar 2019 03:08:44 GMT" time="6.356" errors="0">
  <testcase name="accountInformationTest" time="6.356" classname="com.training.sanity.tests.CYTC_020"/>
</testsuite> <!-- com.training.sanity.tests.CYTC_020 -->
